app/build/outputs/logs/manifest-merger-debug-report.txt
-- Merging decision tree log ---
manifest
ADDED from src/main/AndroidManifest.xml:2:1-176:12
	package
		ADDED from src/main/AndroidManifest.xml:4:5-24
		INJECTED from src/main/AndroidManifest.xml
		INJECTED from src/main/AndroidManifest.xml
	android:versionName
		ADDED from src/main/AndroidManifest.xml:6:5-30
		INJECTED from src/main/AndroidManifest.xml
		INJECTED from src/main/AndroidManifest.xml
	xmlns:tools
		ADDED from src/main/AndroidManifest.xml:3:5-51
	android:versionCode
		ADDED from src/main/AndroidManifest.xml:5:5-28
		INJECTED from src/main/AndroidManifest.xml
		INJECTED from src/main/AndroidManifest.xml
	xmlns:android
		ADDED from src/main/AndroidManifest.xml:2:11-69
uses-sdk
ADDED from src/main/AndroidManifest.xml:8:5-10:41
MERGED from [com.android.support:appcompat-v7:18.0.0] AndroidManifest.xml:18:5-42
	android:targetSdkVersion
		ADDED from src/main/AndroidManifest.xml:10:9-38
		INJECTED from src/main/AndroidManifest.xml
		INJECTED from src/main/AndroidManifest.xml
	android:minSdkVersion
		ADDED from src/main/AndroidManifest.xml:9:9-35
		INJECTED from src/main/AndroidManifest.xml
		INJECTED from src/main/AndroidManifest.xml
uses-permission#android.permission.ACCESS_NETWORK_STATE
ADDED from src/main/AndroidManifest.xml:12:5-79
	android:name
		ADDED from src/main/AndroidManifest.xml:12:22-76
uses-permission#android.permission.CHANGE_NETWORK_STATE
ADDED from src/main/AndroidManifest.xml:13:5-79
	android:name
		ADDED from src/main/AndroidManifest.xml:13:22-76
uses-permission#android.permission.WRITE_EXTERNAL_STORAGE
ADDED from src/main/AndroidManifest.xml:14:5-81
	android:name
		ADDED from src/main/AndroidManifest.xml:14:22-78
uses-permission#android.permission.WRITE_SETTINGS
ADDED from src/main/AndroidManifest.xml:15:5-73
	android:name
		ADDED from src/main/AndroidManifest.xml:15:22-70
uses-permission#android.permission.ACCESS_WIFI_STATE
ADDED from src/main/AndroidManifest.xml:16:5-76
	android:name
		ADDED from src/main/AndroidManifest.xml:16:22-73
uses-permission#android.permission.CHANGE_WIFI_MULTICAST_STATE
ADDED from src/main/AndroidManifest.xml:17:5-86
	android:name
		ADDED from src/main/AndroidManifest.xml:17:22-83
uses-permission#android.permission.CHANGE_WIFI_STATE
ADDED from src/main/AndroidManifest.xml:18:5-76
	android:name
		ADDED from src/main/AndroidManifest.xml:18:22-73
uses-permission#android.permission.WAKE_LOCK
ADDED from src/main/AndroidManifest.xml:19:5-68
	android:name
		ADDED from src/main/AndroidManifest.xml:19:22-65
uses-permission#android.permission.ACCESS_FINE_LOCATION
ADDED from src/main/AndroidManifest.xml:20:5-79
	android:name
		ADDED from src/main/AndroidManifest.xml:20:22-76
uses-permission#android.permission.ACCESS_COARSE_LOCATION
ADDED from src/main/AndroidManifest.xml:21:5-81
	android:name
		ADDED from src/main/AndroidManifest.xml:21:22-78
uses-permission#android.permission.CAMERA
ADDED from src/main/AndroidManifest.xml:22:5-65
	android:name
		ADDED from src/main/AndroidManifest.xml:22:22-62
uses-permission#android.permission.BLUETOOTH_ADMIN
ADDED from src/main/AndroidManifest.xml:23:5-74
	android:name
		ADDED from src/main/AndroidManifest.xml:23:22-71
uses-permission#android.permission.BLUETOOTH
ADDED from src/main/AndroidManifest.xml:24:5-68
	android:name
		ADDED from src/main/AndroidManifest.xml:24:22-65
uses-permission#android.permission.GET_ACCOUNTS
ADDED from src/main/AndroidManifest.xml:25:5-71
	android:name
		ADDED from src/main/AndroidManifest.xml:25:22-68
uses-permission#android.permission.USE_CREDENTIALS
ADDED from src/main/AndroidManifest.xml:26:5-74
	android:name
		ADDED from src/main/AndroidManifest.xml:26:22-71
uses-permission#android.permission.MANAGE_ACCOUNTS
ADDED from src/main/AndroidManifest.xml:27:5-74
	android:name
		ADDED from src/main/AndroidManifest.xml:27:22-71
uses-permission#android.permission.AUTHENTICATE_ACCOUNTS
ADDED from src/main/AndroidManifest.xml:28:5-80
	android:name
		ADDED from src/main/AndroidManifest.xml:28:22-77
uses-permission#android.permission.INTERNET
ADDED from src/main/AndroidManifest.xml:29:5-67
	android:name
		ADDED from src/main/AndroidManifest.xml:29:22-64
uses-permission#com.android.launcher.permission.READ_SETTINGS
ADDED from src/main/AndroidManifest.xml:30:5-85
	android:name
		ADDED from src/main/AndroidManifest.xml:30:22-82
uses-permission#android.permission.READ_PHONE_STATE
ADDED from src/main/AndroidManifest.xml:32:5-75
	android:name
		ADDED from src/main/AndroidManifest.xml:32:22-72
uses-permission#android.permission.BROADCAST_STICKY
ADDED from src/main/AndroidManifest.xml:33:5-75
	android:name
		ADDED from src/main/AndroidManifest.xml:33:22-72
uses-permission#android.permission.VIBRATE
ADDED from src/main/AndroidManifest.xml:36:5-66
	android:name
		ADDED from src/main/AndroidManifest.xml:36:22-63
uses-permission#android.permission.FLASHLIGHT
ADDED from src/main/AndroidManifest.xml:37:5-69
	android:name
		ADDED from src/main/AndroidManifest.xml:37:22-66
uses-permission#android.permission.NFC
ADDED from src/main/AndroidManifest.xml:38:5-62
	android:name
		ADDED from src/main/AndroidManifest.xml:38:22-59
uses-permission#android.permission.BAIDU_LOCATION_SERVICE
ADDED from src/main/AndroidManifest.xml:45:5-46:23
	android:name
		ADDED from src/main/AndroidManifest.xml:45:22-78
uses-feature#android.hardware.camera
ADDED from src/main/AndroidManifest.xml:48:5-60
	android:name
		ADDED from src/main/AndroidManifest.xml:48:19-57
uses-feature#android.hardware.camera.autofocus
ADDED from src/main/AndroidManifest.xml:49:5-70
	android:name
		ADDED from src/main/AndroidManifest.xml:49:19-67
uses-feature#android.hardware.nfc
ADDED from src/main/AndroidManifest.xml:50:5-52:35
	android:required
		ADDED from src/main/AndroidManifest.xml:52:9-32
	android:name
		ADDED from src/main/AndroidManifest.xml:51:9-44
application
ADDED from src/main/AndroidManifest.xml:54:5-174:19
MERGED from [com.android.support:appcompat-v7:18.0.0] AndroidManifest.xml:19:5-20
	android:label
		ADDED from src/main/AndroidManifest.xml:57:9-41
	android:allowBackup
		ADDED from src/main/AndroidManifest.xml:55:9-35
	android:icon
		ADDED from src/main/AndroidManifest.xml:56:9-45
	android:theme
		ADDED from src/main/AndroidManifest.xml:58:9-43
meta-data#com.baidu.lbsapi.API_KEY
ADDED from src/main/AndroidManifest.xml:59:9-61:56
	android:value
		ADDED from src/main/AndroidManifest.xml:61:13-53
	android:name
		ADDED from src/main/AndroidManifest.xml:60:13-52
service#com.baidu.location.f
ADDED from src/main/AndroidManifest.xml:64:9-68:19
	android:enabled
		ADDED from src/main/AndroidManifest.xml:66:13-35
	android:process
		ADDED from src/main/AndroidManifest.xml:67:13-38
	android:name
		ADDED from src/main/AndroidManifest.xml:65:13-48
receiver#com.fgtit.service.UsbBroadcastReceiver
ADDED from src/main/AndroidManifest.xml:70:9-75:20
	android:name
		ADDED from src/main/AndroidManifest.xml:70:19-72
intent-filter#NotifyUsbStartNet+NotifyUsbStopNet
ADDED from src/main/AndroidManifest.xml:71:13-74:29
action#NotifyUsbStartNet
ADDED from src/main/AndroidManifest.xml:72:17-60
	android:name
		ADDED from src/main/AndroidManifest.xml:72:25-57
action#NotifyUsbStopNet
ADDED from src/main/AndroidManifest.xml:73:17-59
	android:name
		ADDED from src/main/AndroidManifest.xml:73:25-56
service#com.fgtit.service.ConnectService
ADDED from src/main/AndroidManifest.xml:77:9-78:19
	android:name
		ADDED from src/main/AndroidManifest.xml:77:18-65
activity#com.fgtit.fingermap.MainActivity
ADDED from src/main/AndroidManifest.xml:80:9-89:20
	android:screenOrientation
		ADDED from src/main/AndroidManifest.xml:83:13-49
	android:label
		ADDED from src/main/AndroidManifest.xml:82:13-45
	android:name
		ADDED from src/main/AndroidManifest.xml:81:13-60
intent-filter#android.intent.action.MAIN+android.intent.category.LAUNCHER
ADDED from src/main/AndroidManifest.xml:84:13-88:29
action#android.intent.action.MAIN
ADDED from src/main/AndroidManifest.xml:85:17-69
	android:name
		ADDED from src/main/AndroidManifest.xml:85:25-66
category#android.intent.category.LAUNCHER
ADDED from src/main/AndroidManifest.xml:87:17-77
	android:name
		ADDED from src/main/AndroidManifest.xml:87:27-74
activity#com.fgtit.fingermap.LoginActivity
ADDED from src/main/AndroidManifest.xml:90:9-94:20
	android:screenOrientation
		ADDED from src/main/AndroidManifest.xml:93:13-49
	android:label
		ADDED from src/main/AndroidManifest.xml:92:13-57
	android:name
		ADDED from src/main/AndroidManifest.xml:91:13-61
activity#com.fgtit.fingermap.MenuActivity
ADDED from src/main/AndroidManifest.xml:95:9-99:20
	android:screenOrientation
		ADDED from src/main/AndroidManifest.xml:98:13-49
	android:label
		ADDED from src/main/AndroidManifest.xml:97:13-56
	android:name
		ADDED from src/main/AndroidManifest.xml:96:13-60
activity#com.fgtit.fingermap.SignOnActivity
ADDED from src/main/AndroidManifest.xml:100:9-104:20
	android:screenOrientation
		ADDED from src/main/AndroidManifest.xml:103:13-49
	android:label
		ADDED from src/main/AndroidManifest.xml:102:13-59
	android:name
		ADDED from src/main/AndroidManifest.xml:101:13-62
activity#com.fgtit.fingermap.SignOffActivity
ADDED from src/main/AndroidManifest.xml:105:9-109:20
	android:screenOrientation
		ADDED from src/main/AndroidManifest.xml:108:13-49
	android:label
		ADDED from src/main/AndroidManifest.xml:107:13-60
	android:name
		ADDED from src/main/AndroidManifest.xml:106:13-63
activity#com.fgtit.fingermap.RecordsActivity
ADDED from src/main/AndroidManifest.xml:110:9-115:20
	android:screenOrientation
		ADDED from src/main/AndroidManifest.xml:113:13-49
	android:label
		ADDED from src/main/AndroidManifest.xml:112:13-59
	android:windowSoftInputMode
		ADDED from src/main/AndroidManifest.xml:114:13-57
	android:name
		ADDED from src/main/AndroidManifest.xml:111:13-63
activity#com.fgtit.fingermap.EmployeesActivity
ADDED from src/main/AndroidManifest.xml:116:9-120:20
	android:screenOrientation
		ADDED from src/main/AndroidManifest.xml:119:13-49
	android:label
		ADDED from src/main/AndroidManifest.xml:118:13-61
	android:name
		ADDED from src/main/AndroidManifest.xml:117:13-65
activity#com.fgtit.fingermap.EmployeeActivity
ADDED from src/main/AndroidManifest.xml:121:9-125:20
	android:screenOrientation
		ADDED from src/main/AndroidManifest.xml:124:13-49
	android:label
		ADDED from src/main/AndroidManifest.xml:123:13-60
	android:name
		ADDED from src/main/AndroidManifest.xml:122:13-64
activity#com.fgtit.fingermap.CameraExActivity
ADDED from src/main/AndroidManifest.xml:126:9-130:20
	android:screenOrientation
		ADDED from src/main/AndroidManifest.xml:129:13-49
	android:label
		ADDED from src/main/AndroidManifest.xml:128:13-64
	android:name
		ADDED from src/main/AndroidManifest.xml:127:13-64
activity#com.fgtit.fingermap.UtilitiesActivity
ADDED from src/main/AndroidManifest.xml:131:9-135:20
	android:screenOrientation
		ADDED from src/main/AndroidManifest.xml:134:13-49
	android:label
		ADDED from src/main/AndroidManifest.xml:133:13-61
	android:name
		ADDED from src/main/AndroidManifest.xml:132:13-65
activity#com.fgtit.fingermap.SystemActivity
ADDED from src/main/AndroidManifest.xml:136:9-140:20
	android:screenOrientation
		ADDED from src/main/AndroidManifest.xml:139:13-49
	android:label
		ADDED from src/main/AndroidManifest.xml:138:13-58
	android:name
		ADDED from src/main/AndroidManifest.xml:137:13-62
activity#com.fgtit.fingermap.SettingsActivity
ADDED from src/main/AndroidManifest.xml:141:9-145:20
	android:screenOrientation
		ADDED from src/main/AndroidManifest.xml:144:13-49
	android:label
		ADDED from src/main/AndroidManifest.xml:143:13-60
	android:name
		ADDED from src/main/AndroidManifest.xml:142:13-64
activity#android.scanner.CaptureActivity
ADDED from src/main/AndroidManifest.xml:146:9-152:20
	android:screenOrientation
		ADDED from src/main/AndroidManifest.xml:149:13-49
	android:windowSoftInputMode
		ADDED from src/main/AndroidManifest.xml:151:13-60
	android:configChanges
		ADDED from src/main/AndroidManifest.xml:148:13-63
	android:theme
		ADDED from src/main/AndroidManifest.xml:150:13-71
	android:name
		ADDED from src/main/AndroidManifest.xml:147:13-59
activity#com.fgtit.fingermap.EnrollActivity
ADDED from src/main/AndroidManifest.xml:153:9-158:20
	android:screenOrientation
		ADDED from src/main/AndroidManifest.xml:156:13-49
	android:label
		ADDED from src/main/AndroidManifest.xml:155:13-61
	android:windowSoftInputMode
		ADDED from src/main/AndroidManifest.xml:157:13-57
	android:name
		ADDED from src/main/AndroidManifest.xml:154:13-62
activity#com.fgtit.fingermap.CameraActivity
ADDED from src/main/AndroidManifest.xml:159:9-163:20
	android:screenOrientation
		ADDED from src/main/AndroidManifest.xml:162:13-49
	android:label
		ADDED from src/main/AndroidManifest.xml:161:13-64
	android:name
		ADDED from src/main/AndroidManifest.xml:160:13-62
activity#com.fgtit.fingermap.AdminActivity
ADDED from src/main/AndroidManifest.xml:164:9-168:20
	android:screenOrientation
		ADDED from src/main/AndroidManifest.xml:167:13-49
	android:label
		ADDED from src/main/AndroidManifest.xml:166:13-57
	android:name
		ADDED from src/main/AndroidManifest.xml:165:13-61
activity#com.fgtit.fingermap.AboutActivity
ADDED from src/main/AndroidManifest.xml:169:9-173:20
	android:screenOrientation
		ADDED from src/main/AndroidManifest.xml:171:13-49
	android:label
		ADDED from src/main/AndroidManifest.xml:172:13-57
	android:name
		ADDED from src/main/AndroidManifest.xml:170:13-61